
ROM used:   1859/8192 (23%)
            1859/8192 (23%) including unused fragments

            1.6 Average locations per line
            13.9 Average locations per statement

RAM used:   22/368 (6%) at main() level
            45/368 (12%) worst case

Stack used: 5 worst case (5 in main + 0 for interrupts)
Stack size: 8

Lines Stmts  %   Files
----- ----- ---  -----
  101    50  37  TERMOSTAT GELÝÞTÝRME.c
  639     0   0  ..\..\..\..\..\Program Files (x86)\PICC\Devices\16f877.h
  456    84  63  ..\..\..\..\..\Program Files (x86)\PICC\Drivers\lcd.c
----- -----
 1196   134 Total

Page ROM  %  RAM   Vol Diff  Functions:
---- --- --- ---   --- ----  ----------
0     21   1    1             @delay_ms1
 Inline         3   596  5.9  lcd_read_byte
0      6   0    0    59  4.2  lcd_read_nibble
0     12   1    1   179  3.3  lcd_send_nibble
0     64   3    3   460  4.7  lcd_send_byte
0     62   3    6   814  7.2  lcd_init
0     18   1    4   208  6.3  lcd_gotoxy
0     44   2    1   354  4.7  lcd_putc
0    314  17    4  1484  8.2  MAIN
0      6   0    0             @const664
0     88   5    4             @PSTRINGC7_640
0      6   0    0             @const666
0     87   5    5             @PSTRINGCN7_640
0     21   1    3             @DIV88
0     87   5    6             @PRINTF_D_640
0      6   0    0             @const675
0     31   2    2             @ITOF
0    117   6   13             @MULFF
0    204  11   14             @DIVFF
0    323  17   16             @ADDFF
0     33   2    4             @SFTOI
 Inline         5             @FTOSD
0     79   4   13             @DIV3232
0    226  12   13             @PRINTF_L32D_640FPFPF
 Inline         0             @cinit1

Program metrics:
    Functions               8
    Statements              134
    Comments                218
    Volume (V)              6082
    Difficulty (D)          41.0
    Effort to implement (E) 249319
    Time to implement (T)   3 hours, 51 minutes
    Est Delivered Bugs (B)  1
    Cyclomatic Complexity   14
    Maintainability (MI)    139

 Segment     Used  Free
-----------  ----  ----
00000-00003     4  0  
00004-007FF  1855  189  
00800-00FFF     0  2048  
01000-017FF     0  2048  
01800-01FFF     0  2048  



